2026-03-28 17:41:37 DEBUG TestNG:82 - suiteXmlPath: "C:\Users\l.bhagavanthappa\Downloads\OpencartV121\master.xml"
2026-03-28 17:43:57 DEBUG TestNG:82 - suiteXmlPath: "C:\Users\l.bhagavanthappa\Downloads\OpencartV121\master.xml"
2026-03-28 17:44:17 INFO  TC001_AccountRegistrationTest:19 - *****Starting TC001_AccountRegistrationTest *****
2026-03-28 17:44:17 INFO  TC001_AccountRegistrationTest:24 - Clicked on MyAccount link
2026-03-28 17:44:18 INFO  TC001_AccountRegistrationTest:27 - Clicked on Register link
2026-03-28 17:44:18 INFO  TC001_AccountRegistrationTest:30 - Providing Customer Details
2026-03-28 17:44:21 INFO  TC001_AccountRegistrationTest:49 - Validating Expected message
2026-03-28 17:44:21 INFO  TC001_AccountRegistrationTest:69 - *****Finished TC001_AccountRegistrationTest *****
2026-03-28 17:44:33 INFO  TC002_LoginTest:16 - ****Starting TC_002 LoginTest*****
2026-03-28 17:44:37 INFO  TC002_LoginTest:37 - ****Finish TC_002 LoginTest*****
2026-03-28 18:05:57 DEBUG TestNG:82 - suiteXmlPath: "C:\Users\l.bhagavanthappa\Downloads\OpencartV121\master.xml"
2026-03-28 18:06:10 INFO  TC001_AccountRegistrationTest:19 - *****Starting TC001_AccountRegistrationTest *****
2026-03-28 18:06:10 INFO  TC001_AccountRegistrationTest:24 - Clicked on MyAccount link
2026-03-28 18:06:11 INFO  TC001_AccountRegistrationTest:27 - Clicked on Register link
2026-03-28 18:06:11 INFO  TC001_AccountRegistrationTest:30 - Providing Customer Details
2026-03-28 18:06:13 INFO  TC001_AccountRegistrationTest:49 - Validating Expected message
2026-03-28 18:06:13 INFO  TC001_AccountRegistrationTest:69 - *****Finished TC001_AccountRegistrationTest *****
2026-03-28 18:06:19 INFO  TC002_LoginTest:16 - ****Starting TC_002 LoginTest*****
2026-03-28 18:06:21 INFO  TC002_LoginTest:37 - ****Finish TC_002 LoginTest*****
2026-03-28 21:41:35 DEBUG TestNG:82 - suiteXmlPath: "C:\Users\l.bhagavanthappa\Downloads\OpencartV121\master.xml"
2026-03-28 21:41:47 INFO  TC001_AccountRegistrationTest:19 - *****Starting TC001_AccountRegistrationTest *****
2026-03-28 21:41:48 INFO  TC001_AccountRegistrationTest:24 - Clicked on MyAccount link
2026-03-28 21:41:49 INFO  TC001_AccountRegistrationTest:27 - Clicked on Register link
2026-03-28 21:41:49 INFO  TC001_AccountRegistrationTest:30 - Providing Customer Details
2026-03-28 21:41:53 INFO  TC001_AccountRegistrationTest:49 - Validating Expected message
2026-03-28 21:41:53 INFO  TC001_AccountRegistrationTest:69 - *****Finished TC001_AccountRegistrationTest *****
2026-03-28 21:42:05 INFO  TC002_LoginTest:16 - ****Starting TC_002 LoginTest*****
2026-03-28 21:42:08 INFO  TC002_LoginTest:37 - ****Finish TC_002 LoginTest*****
2026-03-28 21:48:05 DEBUG TestNG:82 - suiteXmlPath: "C:\Users\l.bhagavanthappa\Downloads\OpencartV121\master.xml"
2026-03-28 21:48:19 INFO  TC001_AccountRegistrationTest:19 - *****Starting TC001_AccountRegistrationTest *****
2026-03-28 21:48:19 INFO  TC001_AccountRegistrationTest:24 - Clicked on MyAccount link
2026-03-28 21:48:19 INFO  TC001_AccountRegistrationTest:27 - Clicked on Register link
2026-03-28 21:48:19 INFO  TC001_AccountRegistrationTest:30 - Providing Customer Details
2026-03-28 21:48:21 INFO  TC001_AccountRegistrationTest:49 - Validating Expected message
2026-03-28 21:48:21 INFO  TC001_AccountRegistrationTest:69 - *****Finished TC001_AccountRegistrationTest *****
2026-03-28 21:48:27 INFO  TC002_LoginTest:16 - ****Starting TC_002 LoginTest*****
2026-03-28 21:48:30 INFO  TC002_LoginTest:37 - ****Finish TC_002 LoginTest*****
